<?xml version="1.0" encoding="UTF-8" ?>
<testsuites disabled="0" errors="0" failures="1" tests="4" time="25.729">
 <testsuite name="angular2-exam-project app" timestamp="2019-12-18T19:57:46" hostname="localhost" time="25.729" errors="0" tests="4" skipped="0" disabled="0" failures="1">
  <testcase classname="angular2-exam-project app" name="The title of the page should be Web" time="2.943" />
  <testcase classname="angular2-exam-project app" name="the name of all the games in all-games page should be defined" time="3.54" />
  <testcase classname="angular2-exam-project app" name="the game should be able to be deleted" time="4.168">
   <failure type="exception" message="Failed: Index out of bound. Trying to access element at index: -1, but there are only 0 elements that match locator By(css selector, div.delete)"><![CDATA[NoSuchElementError: Index out of bound. Trying to access element at index: -1, but there are only 0 elements that match locator By(css selector, div.delete)
    at C:\Users\Ady\Desktop\Jenk\WebShop\webshop\frontend\node_modules\protractor\lib\element.ts:287:17
    at ManagedPromise.invokeCallback_ (C:\Users\Ady\Desktop\Jenk\WebShop\webshop\frontend\node_modules\selenium-webdriver\lib\promise.js:1366:14)
    at TaskQueue.execute_ (C:\Users\Ady\Desktop\Jenk\WebShop\webshop\frontend\node_modules\selenium-webdriver\lib\promise.js:2970:14)
    at TaskQueue.executeNext_ (C:\Users\Ady\Desktop\Jenk\WebShop\webshop\frontend\node_modules\selenium-webdriver\lib\promise.js:2953:27)
    at C:\Users\Ady\Desktop\Jenk\WebShop\webshop\frontend\node_modules\selenium-webdriver\lib\promise.js:2813:27
    at C:\Users\Ady\Desktop\Jenk\WebShop\webshop\frontend\node_modules\selenium-webdriver\lib\promise.js:676:7
    at processTicksAndRejections (internal/process/task_queues.js:93:5)Error
    at ElementArrayFinder.applyAction_ (C:\Users\Ady\Desktop\Jenk\WebShop\webshop\frontend\node_modules\protractor\lib\element.ts:482:23)
    at ElementArrayFinder.<computed> [as click] (C:\Users\Ady\Desktop\Jenk\WebShop\webshop\frontend\node_modules\protractor\lib\element.ts:96:21)
    at ElementFinder.<computed> [as click] (C:\Users\Ady\Desktop\Jenk\WebShop\webshop\frontend\node_modules\protractor\lib\element.ts:873:14)
    at UserContext.<anonymous> (C:\Users\Ady\Desktop\Jenk\WebShop\webshop\frontend\e2e\app.e2e-spec.ts:46:18)
    at C:\Users\Ady\Desktop\Jenk\WebShop\webshop\frontend\node_modules\jasminewd2\index.js:112:25
    at new ManagedPromise (C:\Users\Ady\Desktop\Jenk\WebShop\webshop\frontend\node_modules\selenium-webdriver\lib\promise.js:1067:7)
    at ControlFlow.promise (C:\Users\Ady\Desktop\Jenk\WebShop\webshop\frontend\node_modules\selenium-webdriver\lib\promise.js:2396:12)
    at schedulerExecute (C:\Users\Ady\Desktop\Jenk\WebShop\webshop\frontend\node_modules\jasminewd2\index.js:95:18)
    at TaskQueue.execute_ (C:\Users\Ady\Desktop\Jenk\WebShop\webshop\frontend\node_modules\selenium-webdriver\lib\promise.js:2970:14)
    at TaskQueue.executeNext_ (C:\Users\Ady\Desktop\Jenk\WebShop\webshop\frontend\node_modules\selenium-webdriver\lib\promise.js:2953:27)
    at C:\Users\Ady\Desktop\Jenk\WebShop\webshop\frontend\node_modules\selenium-webdriver\lib\promise.js:2813:27
    at C:\Users\Ady\Desktop\Jenk\WebShop\webshop\frontend\node_modules\selenium-webdriver\lib\promise.js:676:7
From: Task: Run it("the game should be able to be deleted") in control flow
    at ControlFlow.protractor_1.browser.driver.controlFlow.execute (C:\Users\Ady\Desktop\Jenk\WebShop\webshop\frontend\e2e\app.e2e-spec.ts:13:17)
    at UserContext.<anonymous> (C:\Users\Ady\Desktop\Jenk\WebShop\webshop\frontend\node_modules\jasminewd2\index.js:94:19)
    at attempt (C:\Users\Ady\Desktop\Jenk\WebShop\webshop\frontend\node_modules\jasmine\node_modules\jasmine-core\lib\jasmine-core\jasmine.js:4486:26)
    at QueueRunner.run (C:\Users\Ady\Desktop\Jenk\WebShop\webshop\frontend\node_modules\jasmine\node_modules\jasmine-core\lib\jasmine-core\jasmine.js:4402:20)
    at runNext (C:\Users\Ady\Desktop\Jenk\WebShop\webshop\frontend\node_modules\jasmine\node_modules\jasmine-core\lib\jasmine-core\jasmine.js:4446:20)
    at C:\Users\Ady\Desktop\Jenk\WebShop\webshop\frontend\node_modules\jasmine\node_modules\jasmine-core\lib\jasmine-core\jasmine.js:4453:13
    at C:\Users\Ady\Desktop\Jenk\WebShop\webshop\frontend\node_modules\jasmine\node_modules\jasmine-core\lib\jasmine-core\jasmine.js:4356:12
    at C:\Users\Ady\Desktop\Jenk\WebShop\webshop\frontend\node_modules\jasminewd2\index.js:64:48
    at ControlFlow.emit (C:\Users\Ady\Desktop\Jenk\WebShop\webshop\frontend\node_modules\selenium-webdriver\lib\events.js:62:21)
    at ControlFlow.shutdown_ (C:\Users\Ady\Desktop\Jenk\WebShop\webshop\frontend\node_modules\selenium-webdriver\lib\promise.js:2565:10)
    at C:\Users\Ady\Desktop\Jenk\WebShop\webshop\frontend\node_modules\selenium-webdriver\lib\promise.js:2490:53
    at C:\Users\Ady\Desktop\Jenk\WebShop\webshop\frontend\node_modules\selenium-webdriver\lib\promise.js:2619:9
    at C:\Users\Ady\Desktop\Jenk\WebShop\webshop\frontend\node_modules\selenium-webdriver\lib\promise.js:676:7
From asynchronous test: 
Error
    at Suite.<anonymous> (C:\Users\Ady\Desktop\Jenk\WebShop\webshop\frontend\e2e\app.e2e-spec.ts:39:1)
    at addSpecsToSuite (C:\Users\Ady\Desktop\Jenk\WebShop\webshop\frontend\node_modules\jasmine\node_modules\jasmine-core\lib\jasmine-core\jasmine.js:1181:25)
    at Env.describe (C:\Users\Ady\Desktop\Jenk\WebShop\webshop\frontend\node_modules\jasmine\node_modules\jasmine-core\lib\jasmine-core\jasmine.js:1145:7)
    at describe (C:\Users\Ady\Desktop\Jenk\WebShop\webshop\frontend\node_modules\jasmine\node_modules\jasmine-core\lib\jasmine-core\jasmine.js:4593:18)
    at Object.<anonymous> (C:\Users\Ady\Desktop\Jenk\WebShop\webshop\frontend\e2e\app.e2e-spec.ts:18:1)
    at Module._compile (internal/modules/cjs/loader.js:959:30)
    at Module.m._compile (C:\Users\Ady\Desktop\Jenk\WebShop\webshop\frontend\node_modules\ts-node\src\index.ts:406:23)
    at Module._extensions..js (internal/modules/cjs/loader.js:995:10)
    at Object.require.extensions.<computed> [as .ts] (C:\Users\Ady\Desktop\Jenk\WebShop\webshop\frontend\node_modules\ts-node\src\index.ts:409:12)
    at Module.load (internal/modules/cjs/loader.js:815:32)
    at Function.Module._load (internal/modules/cjs/loader.js:727:14)
    at Module.require (internal/modules/cjs/loader.js:852:19)
    at require (internal/modules/cjs/helpers.js:74:18)
    at C:\Users\Ady\Desktop\Jenk\WebShop\webshop\frontend\node_modules\jasmine\lib\jasmine.js:93:5
    at Array.forEach (<anonymous>)]]>
   </failure>
  </testcase>
  <testcase classname="angular2-exam-project app" name="should be able to add a new game" time="15.074" />
 </testsuite>
</testsuites>